正在发送at命令。。。
正在检测通道状况。。。
开始发送测试短信。。。
正在向联通通道1提交短信,提交时间为：2013-12-5 11:02:09
测试短信发送成功,时间为：2013-12-5 11:02:10
AT+CMGL=4
OK

AT+CMGD=1,4
OK

AT+CMGF=0
OK
AT+CMGL=4
+CMGL: 301,0,,61
0891683110300605F0240BA13152915486F70008312150112020232A6D4B8BD577ED4FE100320030003100330031003200300035003100310030003200300038003700380031


OK

4AT+CMGL=4
+CMGL: 301,1,,61
0891683110300605F0240BA13152915486F70008312150112020232A6D4B8BD577ED4FE100320030003100330031003200300035003100310030003200300038003700380031

OK

AT+CMGL=4
+CMGL: 301,1,,61
0891683110300605F0240BA13152915486F70008312150112020232A6D4B8BD577ED4FE100320030003100330031003200300035003100310030003200300038003700380031

OK

AT+CMGD=301
OK

