正在发送at命令。。。
AT+CMGF=0
OK

开始发送测试短信。。。
正在检测通道状况。。。
正在向联通通道1提交短信,提交时间为：2013-11-27 9:13:27
测试短信发送成功,时间为：2013-11-27 9:13:32
AT+CMGL=4
OK

AT+CMGL=4
OK

AT+CMGL=4
OK

AT+CMGL=4
OK

AT+CMGL=4
OK

AT+CMGL=4
OK

AT+CMGL=4
OK

AT+CMGL=4
OK

AT+CMGL=4
OK

AT+CMGL=4
OK

AT+CMGL=4
+CMGL: 301,0,,61
0891683110300605F0240BA13100243298F60008311172903183232A6D4B8BD577ED4FE100320030003100330031003100320037003000390031003300320035003500320030

OK

301AT+CMGD=301
OK

AT+CMGD=301
OK

