正在发送at命令。。。
正在检测通道状况。。。
SendDataThread-e1:端口被关闭。
开始发送测试短信。。。
SendDataThread-e1:端口被关闭。
SendDataThread-e1:端口被关闭。
SendDataThread-e1:端口被关闭。
正在向移动通道1提交短信,提交时间为：2015/3/2 13:06:51
SendDataThread-e1:端口被关闭。
SendDataThread-e1:端口被关闭。
SendDataThread-e1:端口被关闭。
SendDataThread-e1:端口被关闭。
SendDataThread-e1:端口被关闭。
SendDataThread-e1:端口被关闭。
SendDataThread-e1:端口被关闭。
SendDataThread-e1:端口被关闭。
SendDataThread-e1:端口被关闭。
SendDataThread-e1:端口被关闭。
SendDataThread-e1:端口被关闭。
SendDataThread-e1:端口被关闭。
SendDataThread-e1:端口被关闭。
SendDataThread-e1:端口被关闭。
无法连接到远程服务器2015/3/2 13:06:52
测试短信提交失败,时间为：2015/3/2 13:06:52
SendDataThread-e1:端口被关闭。
SendDataThread-e1:端口被关闭。
SendDataThread-e1:端口被关闭。
SendDataThread-e1:端口被关闭。
SendDataThread-e1:端口被关闭。
SendDataThread-e1:端口被关闭。
SendDataThread-e1:端口被关闭。
SendDataThread-e1:端口被关闭。
SendDataThread-e1:端口被关闭。
SendDataThread-e1:端口被关闭。
SendDataThread-e1:端口被关闭。
SendDataThread-e1:端口被关闭。
SendDataThread-e1:端口被关闭。
SendDataThread-e1:端口被关闭。
SendDataThread-e1:端口被关闭。
SendDataThread-e1:端口被关闭。
SendDataThread-e1:端口被关闭。
SendDataThread-e1:端口被关闭。
SendDataThread-e1:端口被关闭。
SendDataThread-e1:端口被关闭。
SendDataThread-e1:端口被关闭。
SendDataThread-e1:端口被关闭。
SendDataThread-e1:端口被关闭。
SendDataThread-e1:端口被关闭。
SendDataThread-e1:端口被关闭。
SendDataThread-e1:端口被关闭。
SendDataThread-e1:端口被关闭。
SendDataThread-e1:端口被关闭。
SendDataThread-e1:端口被关闭。
SendDataThread-e1:端口被关闭。
SendDataThread-e1:端口被关闭。
SendDataThread-e1:端口被关闭。
SendDataThread-e1:端口被关闭。
SendDataThread-e1:端口被关闭。
SendDataThread-e1:端口被关闭。
SendDataThread-e1:端口被关闭。
SendDataThread-e1:端口被关闭。
SendDataThread-e1:端口被关闭。
SendDataThread-e1:端口被关闭。
SendDataThread-e1:端口被关闭。
SendDataThread-e1:端口被关闭。
SendDataThread-e1:端口被关闭。
SendDataThread-e1:端口被关闭。
SendDataThread-e1:端口被关闭。
SendDataThread-e1:端口被关闭。
SendDataThread-e1:端口被关闭。
SendDataThread-e1:端口被关闭。
SendDataThread-e1:端口被关闭。
SendDataThread-e1:端口被关闭。
SendDataThread-e1:端口被关闭。
SendDataThread-e1:端口被关闭。
SendDataThread-e1:端口被关闭。
SendDataThread-e1:端口被关闭。
SendDataThread-e1:端口被关闭。
SendDataThread-e1:端口被关闭。
SendDataThread-e1:端口被关闭。
SendDataThread-e1:端口被关闭。
SendDataThread-e1:端口被关闭。
SendDataThread-e1:端口被关闭。
SendDataThread-e1:端口被关闭。
SendDataThread-e1:端口被关闭。
SendDataThread-e1:端口被关闭。
程序已停止监控，停止时间：2015/3/2 13:06:58
SendDataThread-e1:端口被关闭。
